{"/Users/mk/workspace/passage/lib/passage.js":{"path":"/Users/mk/workspace/passage/lib/passage.js","s":{"1":1,"2":1,"3":1,"4":2,"5":2,"6":2,"7":2,"8":2,"9":2,"10":1,"11":1,"12":1,"13":6,"14":14,"15":11,"16":14,"17":14,"18":14,"19":1,"20":13,"21":13,"22":13,"23":2,"24":11,"25":1,"26":1,"27":8,"28":8,"29":2,"30":1,"31":1,"32":1},"b":{"1":[1,1],"2":[11,3],"3":[14,3],"4":[1,13],"5":[2,11],"6":[8,1]},"f":{"1":2,"2":2,"3":6,"4":14,"5":14,"6":1,"7":8,"8":2,"9":1,"10":1,"11":1},"fnMap":{"1":{"name":"(anonymous_1)","line":6,"loc":{"start":{"line":6,"column":8},"end":{"line":6,"column":35}}},"2":{"name":"(anonymous_2)","line":9,"loc":{"start":{"line":9,"column":9},"end":{"line":9,"column":34}}},"3":{"name":"(anonymous_3)","line":19,"loc":{"start":{"line":19,"column":9},"end":{"line":19,"column":29}}},"4":{"name":"(anonymous_4)","line":20,"loc":{"start":{"line":20,"column":9},"end":{"line":20,"column":36}}},"5":{"name":"(anonymous_5)","line":24,"loc":{"start":{"line":24,"column":11},"end":{"line":24,"column":36}}},"6":{"name":"(anonymous_6)","line":42,"loc":{"start":{"line":42,"column":14},"end":{"line":42,"column":25}}},"7":{"name":"(anonymous_7)","line":45,"loc":{"start":{"line":45,"column":14},"end":{"line":45,"column":28}}},"8":{"name":"(anonymous_8)","line":49,"loc":{"start":{"line":49,"column":15},"end":{"line":49,"column":29}}},"9":{"name":"(anonymous_9)","line":52,"loc":{"start":{"line":52,"column":14},"end":{"line":52,"column":28}}},"10":{"name":"(anonymous_10)","line":55,"loc":{"start":{"line":55,"column":19},"end":{"line":55,"column":33}}},"11":{"name":"(anonymous_11)","line":58,"loc":{"start":{"line":58,"column":16},"end":{"line":58,"column":30}}}},"statementMap":{"1":{"start":{"line":2,"column":0},"end":{"line":2,"column":30}},"2":{"start":{"line":4,"column":0},"end":{"line":4,"column":36}},"3":{"start":{"line":6,"column":0},"end":{"line":17,"column":2}},"4":{"start":{"line":7,"column":2},"end":{"line":7,"column":18}},"5":{"start":{"line":8,"column":2},"end":{"line":8,"column":40}},"6":{"start":{"line":9,"column":2},"end":{"line":16,"column":4}},"7":{"start":{"line":10,"column":4},"end":{"line":10,"column":14}},"8":{"start":{"line":11,"column":4},"end":{"line":11,"column":48}},"9":{"start":{"line":12,"column":4},"end":{"line":14,"column":5}},"10":{"start":{"line":13,"column":6},"end":{"line":13,"column":20}},"11":{"start":{"line":15,"column":4},"end":{"line":15,"column":42}},"12":{"start":{"line":19,"column":0},"end":{"line":37,"column":2}},"13":{"start":{"line":20,"column":2},"end":{"line":36,"column":4}},"14":{"start":{"line":21,"column":4},"end":{"line":23,"column":5}},"15":{"start":{"line":22,"column":6},"end":{"line":22,"column":40}},"16":{"start":{"line":24,"column":4},"end":{"line":35,"column":6}},"17":{"start":{"line":25,"column":6},"end":{"line":25,"column":39}},"18":{"start":{"line":26,"column":6},"end":{"line":28,"column":7}},"19":{"start":{"line":27,"column":8},"end":{"line":27,"column":22}},"20":{"start":{"line":29,"column":6},"end":{"line":29,"column":52}},"21":{"start":{"line":30,"column":6},"end":{"line":30,"column":51}},"22":{"start":{"line":31,"column":6},"end":{"line":33,"column":7}},"23":{"start":{"line":32,"column":8},"end":{"line":32,"column":22}},"24":{"start":{"line":34,"column":6},"end":{"line":34,"column":44}},"25":{"start":{"line":39,"column":0},"end":{"line":61,"column":2}},"26":{"start":{"line":43,"column":4},"end":{"line":43,"column":16}},"27":{"start":{"line":46,"column":4},"end":{"line":46,"column":12}},"28":{"start":{"line":47,"column":4},"end":{"line":47,"column":72}},"29":{"start":{"line":50,"column":4},"end":{"line":50,"column":47}},"30":{"start":{"line":53,"column":4},"end":{"line":53,"column":46}},"31":{"start":{"line":56,"column":4},"end":{"line":56,"column":49}},"32":{"start":{"line":59,"column":4},"end":{"line":59,"column":48}}},"branchMap":{"1":{"line":12,"type":"if","locations":[{"start":{"line":12,"column":4},"end":{"line":12,"column":4}},{"start":{"line":12,"column":4},"end":{"line":12,"column":4}}]},"2":{"line":21,"type":"if","locations":[{"start":{"line":21,"column":4},"end":{"line":21,"column":4}},{"start":{"line":21,"column":4},"end":{"line":21,"column":4}}]},"3":{"line":21,"type":"binary-expr","locations":[{"start":{"line":21,"column":10},"end":{"line":21,"column":37}},{"start":{"line":21,"column":42},"end":{"line":21,"column":63}}]},"4":{"line":26,"type":"if","locations":[{"start":{"line":26,"column":6},"end":{"line":26,"column":6}},{"start":{"line":26,"column":6},"end":{"line":26,"column":6}}]},"5":{"line":31,"type":"if","locations":[{"start":{"line":31,"column":6},"end":{"line":31,"column":6}},{"start":{"line":31,"column":6},"end":{"line":31,"column":6}}]},"6":{"line":47,"type":"binary-expr","locations":[{"start":{"line":47,"column":11},"end":{"line":47,"column":53}},{"start":{"line":47,"column":57},"end":{"line":47,"column":71}}]}}}}