TN:
SF:/Users/mk/workspace/passage/lib/passage.js
FN:6,(anonymous_1)
FN:9,(anonymous_2)
FN:19,(anonymous_3)
FN:20,(anonymous_4)
FN:24,(anonymous_5)
FN:42,(anonymous_6)
FN:45,(anonymous_7)
FN:49,(anonymous_8)
FN:52,(anonymous_9)
FN:55,(anonymous_10)
FN:58,(anonymous_11)
FNF:11
FNH:11
FNDA:2,(anonymous_1)
FNDA:2,(anonymous_2)
FNDA:6,(anonymous_3)
FNDA:14,(anonymous_4)
FNDA:14,(anonymous_5)
FNDA:1,(anonymous_6)
FNDA:8,(anonymous_7)
FNDA:2,(anonymous_8)
FNDA:1,(anonymous_9)
FNDA:1,(anonymous_10)
FNDA:1,(anonymous_11)
DA:2,1
DA:4,1
DA:6,1
DA:7,2
DA:8,2
DA:9,2
DA:10,2
DA:11,2
DA:12,2
DA:13,1
DA:15,1
DA:19,1
DA:20,6
DA:21,14
DA:22,11
DA:24,14
DA:25,14
DA:26,14
DA:27,1
DA:29,13
DA:30,13
DA:31,13
DA:32,2
DA:34,11
DA:39,1
DA:43,1
DA:46,8
DA:47,8
DA:50,2
DA:53,1
DA:56,1
DA:59,1
LF:32
LH:32
BRDA:12,1,0,1
BRDA:12,1,1,1
BRDA:21,2,0,11
BRDA:21,2,1,3
BRDA:21,3,0,14
BRDA:21,3,1,3
BRDA:26,4,0,1
BRDA:26,4,1,13
BRDA:31,5,0,2
BRDA:31,5,1,11
BRDA:47,6,0,8
BRDA:47,6,1,1
BRF:12
BRH:12
end_of_record
